<?xml version="1.0" encoding="UTF-8"?>
<!-- Generated by org.testng.reporters.JUnitReportReporter -->
<testsuite hostname="SC0146" failures="0" tests="1" name="tests.BookstoreQADemoTest" time="16.677" errors="0" timestamp="2023-05-01T09:42:50 CEST" skipped="0">
  <testcase classname="tests.BookstoreQADemoTest" name="apiUITest" time="16.677"/>
  <system-out/>
</testsuite> <!-- tests.BookstoreQADemoTest -->
